app/build/intermediates/manifest_merge_blame_file/debug/manifest-merger-blame-debug-report.txt
1<?xml version="1.0" encoding="utf-8"?>
2<manifest xmlns:android="http://schemas.android.com/apk/res/android"
3    xmlns:app="http://schemas.android.com/apk/res-auto"
4    package="com.example.demo"
5    android:versionCode="2" >
6
7    <uses-sdk
8        android:minSdkVersion="21"
8-->src/main/AndroidManifest.xml
9        android:targetSdkVersion="28" />
9-->src/main/AndroidManifest.xml
10
11    <uses-feature
11-->src/main/AndroidManifest.xml:7:5-9:35
12        android:name="android.hardware.usb.host"
12-->src/main/AndroidManifest.xml:8:9-49
13        android:required="true" />
13-->src/main/AndroidManifest.xml:9:9-32
14    <uses-feature android:name="android.hardware.usb.accessory" />
14-->src/main/AndroidManifest.xml:10:5-67
14-->src/main/AndroidManifest.xml:10:19-64
15
16    <uses-permission android:name="android.permission.WRITE_EXTERNAL_STORAGE" />
16-->src/main/AndroidManifest.xml:12:5-81
16-->src/main/AndroidManifest.xml:12:22-78
17    <uses-permission android:name="android.permission.READ_PHONE_STATE" />
17-->src/main/AndroidManifest.xml:13:5-75
17-->src/main/AndroidManifest.xml:13:22-72
18    <uses-permission android:name="android.permission.MOUNT_UNMOUNT_FILESYSTEMS" />
18-->src/main/AndroidManifest.xml:14:5-16:47
18-->src/main/AndroidManifest.xml:15:9-68
19    <uses-permission android:name="android.permission.SEND_SMS" />
19-->src/main/AndroidManifest.xml:17:5-66
19-->src/main/AndroidManifest.xml:17:22-64
20
21    <application
21-->src/main/AndroidManifest.xml:19:5-36:19
22        android:allowBackup="true"
22-->src/main/AndroidManifest.xml:20:9-35
23        android:appComponentFactory="androidx.core.app.CoreComponentFactory"
23-->[androidx.core:core:1.3.2] AndroidManifest.xml:24:18-86
24        android:debuggable="true"
25        android:icon="@drawable/ic_list"
25-->src/main/AndroidManifest.xml:21:9-41
26        android:label="@string/app_name"
26-->src/main/AndroidManifest.xml:22:9-41
27        android:testOnly="true"
28        android:theme="@style/AppTheme" >
28-->src/main/AndroidManifest.xml:23:9-40
29        <activity
29-->src/main/AndroidManifest.xml:24:9-35:20
30            android:name="com.example.handsets.MainActivity"
30-->src/main/AndroidManifest.xml:25:13-41
31            android:exported="true"
31-->src/main/AndroidManifest.xml:26:13-36
32            android:label="@string/app_name"
32-->src/main/AndroidManifest.xml:27:13-45
33            android:screenOrientation="landscape"
33-->src/main/AndroidManifest.xml:28:13-50
34            android:theme="@style/Theme.AppCompat.Light.NoActionBar" >
34-->src/main/AndroidManifest.xml:29:13-69
35            <intent-filter>
35-->src/main/AndroidManifest.xml:30:13-34:29
36                <action android:name="android.intent.action.MAIN" />
36-->src/main/AndroidManifest.xml:31:17-69
36-->src/main/AndroidManifest.xml:31:25-66
37
38                <category android:name="android.intent.category.LAUNCHER" />
38-->src/main/AndroidManifest.xml:33:17-77
38-->src/main/AndroidManifest.xml:33:27-74
39            </intent-filter>
40        </activity>
41
42        <service
42-->[androidx.room:room-runtime:2.2.0] AndroidManifest.xml:25:9-27:40
43            android:name="androidx.room.MultiInstanceInvalidationService"
43-->[androidx.room:room-runtime:2.2.0] AndroidManifest.xml:26:13-74
44            android:exported="false" />
44-->[androidx.room:room-runtime:2.2.0] AndroidManifest.xml:27:13-37
45    </application>
46
47</manifest>